#
# There is insufficient memory for the Java Runtime Environment to continue.
# Native memory allocation (malloc) failed to allocate 314096 bytes. Error detail: Chunk::new
# Possible reasons:
#   The system is out of physical RAM or swap space
#   This process is running with CompressedOops enabled, and the Java Heap may be blocking the growth of the native heap
# Possible solutions:
#   Reduce memory load on the system
#   Increase physical memory or swap space
#   Check if swap backing store is full
#   Decrease Java heap size (-Xmx/-Xms)
#   Decrease number of Java threads
#   Decrease Java thread stack sizes (-Xss)
#   Set larger code cache with -XX:ReservedCodeCacheSize=
#   JVM is running with Unscaled Compressed Oops mode in which the Java heap is
#     placed in the first 4GB address space. The Java Heap base address is the
#     maximum limit for the native heap growth. Please use -XX:HeapBaseMinAddress
#     to set the Java Heap base and to place the Java Heap above 4GB virtual address.
# This output file may be truncated or incomplete.
#
#  Out of Memory Error (arena.cpp:150), pid=3856, tid=1800
#
# JRE version: OpenJDK Runtime Environment (22.0.1+8) (build 22.0.1+8-16)
# Java VM: OpenJDK 64-Bit Server VM (22.0.1+8-16, mixed mode, sharing, tiered, compressed oops, compressed class ptrs, g1 gc, windows-amd64)
# No core dump will be written. Minidumps are not enabled by default on client versions of Windows
#

---------------  S U M M A R Y ------------

Command Line: -javaagent:C:\Program Files\JetBrains\IntelliJ IDEA Community Edition 2024.1.2\lib\idea_rt.jar=60872:C:\Program Files\JetBrains\IntelliJ IDEA Community Edition 2024.1.2\bin -Dfile.encoding=UTF-8 -Dsun.stdout.encoding=UTF-8 -Dsun.stderr.encoding=UTF-8 com.ai.e_learning.ELearningApplication

Host: AMD Athlon Gold 3150U with Radeon Graphics     , 4 cores, 3G,  Windows 10 , 64 bit Build 19041 (10.0.19041.4597)
Time: Wed Jul 17 15:29:27 2024 Myanmar Standard Time elapsed time: 7122.998858 seconds (0d 1h 58m 42s)

---------------  T H R E A D  ---------------

Current thread (0x000001e57412def0):  JavaThread "C2 CompilerThread0" daemon [_thread_in_native, id=1800, stack(0x000000835c100000,0x000000835c200000) (1024K)]


Current CompileTask:
C2:7122999 15064       4       org.springframework.util.MultiValueMapAdapter::add (28 bytes)

Stack: [0x000000835c100000,0x000000835c200000]
Native frames: (J=compiled Java code, j=interpreted, Vv=VM code, C=native code)
V  [jvm.dll+0x6e2279]  (no source info available)
V  [jvm.dll+0x874e33]  (no source info available)
V  [jvm.dll+0x87725e]  (no source info available)
V  [jvm.dll+0x877933]  (no source info available)
V  [jvm.dll+0x27fd76]  (no source info available)
V  [jvm.dll+0xc3d0f]  (no source info available)
V  [jvm.dll+0xc3f6b]  (no source info available)
V  [jvm.dll+0x2f3c2f]  (no source info available)
V  [jvm.dll+0x60bc9a]  (no source info available)
V  [jvm.dll+0x250db2]  (no source info available)
V  [jvm.dll+0x24949c]  (no source info available)
V  [jvm.dll+0x246ec6]  (no source info available)
V  [jvm.dll+0x1c4e90]  (no source info available)
V  [jvm.dll+0x2569fe]  (no source info available)
V  [jvm.dll+0x254cba]  (no source info available)
V  [jvm.dll+0x3f5336]  (no source info available)
V  [jvm.dll+0x81d44b]  (no source info available)
V  [jvm.dll+0x6e0915]  (no source info available)
C  [ucrtbase.dll+0x21bb2]  (no source info available)
C  [KERNEL32.DLL+0x17374]  (no source info available)
C  [ntdll.dll+0x4cc91]  (no source info available)


---------------  P R O C E S S  ---------------

Threads class SMR info:
_java_thread_list=0x000001e57c858890, length=35, elements={
0x000001e574124390, 0x000001e574126f10, 0x000001e574129230, 0x000001e57412bca0,
0x000001e57412c700, 0x000001e57412d160, 0x000001e57412def0, 0x000001e574132dc0,
0x000001e574245240, 0x000001e57439b2c0, 0x000001e5746c3c10, 0x000001e57a116220,
0x000001e57aca1dc0, 0x000001e57a35e0c0, 0x000001e579d68d70, 0x000001e579d69a90,
0x000001e579d66ca0, 0x000001e579d69400, 0x000001e579d6a120, 0x000001e579d68050,
0x000001e579d67330, 0x000001e579d679c0, 0x000001e579d686e0, 0x000001e57ac1c230,
0x000001e57ac18090, 0x000001e57ac1a7f0, 0x000001e57ac15930, 0x000001e57ac19440,
0x000001e57ac19ad0, 0x000001e57ac16650, 0x000001e57ac1a160, 0x000001e57ac16ce0,
0x000001e57ac17370, 0x000001e5743a4610, 0x000001e5743a8e40
}

Java Threads: ( => current thread )
  0x000001e574124390 JavaThread "Reference Handler"          daemon [_thread_blocked, id=10940, stack(0x000000835bb00000,0x000000835bc00000) (1024K)]
  0x000001e574126f10 JavaThread "Finalizer"                  daemon [_thread_blocked, id=14052, stack(0x000000835bc00000,0x000000835bd00000) (1024K)]
  0x000001e574129230 JavaThread "Signal Dispatcher"          daemon [_thread_blocked, id=12968, stack(0x000000835bd00000,0x000000835be00000) (1024K)]
  0x000001e57412bca0 JavaThread "Attach Listener"            daemon [_thread_blocked, id=8836, stack(0x000000835be00000,0x000000835bf00000) (1024K)]
  0x000001e57412c700 JavaThread "Service Thread"             daemon [_thread_blocked, id=2112, stack(0x000000835bf00000,0x000000835c000000) (1024K)]
  0x000001e57412d160 JavaThread "Monitor Deflation Thread"   daemon [_thread_blocked, id=13944, stack(0x000000835c000000,0x000000835c100000) (1024K)]
=>0x000001e57412def0 JavaThread "C2 CompilerThread0"         daemon [_thread_in_native, id=1800, stack(0x000000835c100000,0x000000835c200000) (1024K)]
  0x000001e574132dc0 JavaThread "C1 CompilerThread0"         daemon [_thread_blocked, id=10372, stack(0x000000835c200000,0x000000835c300000) (1024K)]
  0x000001e574245240 JavaThread "Common-Cleaner"             daemon [_thread_blocked, id=7616, stack(0x000000835c300000,0x000000835c400000) (1024K)]
  0x000001e57439b2c0 JavaThread "Monitor Ctrl-Break"         daemon [_thread_in_native, id=3048, stack(0x000000835c400000,0x000000835c500000) (1024K)]
  0x000001e5746c3c10 JavaThread "Notification Thread"        daemon [_thread_blocked, id=8136, stack(0x000000835c500000,0x000000835c600000) (1024K)]
  0x000001e57a116220 JavaThread "Catalina-utility-1"                [_thread_blocked, id=13636, stack(0x000000835cb00000,0x000000835cc00000) (1024K)]
  0x000001e57aca1dc0 JavaThread "Catalina-utility-2"                [_thread_blocked, id=1596, stack(0x000000835cc00000,0x000000835cd00000) (1024K)]
  0x000001e57a35e0c0 JavaThread "http-nio-8080-exec-1"       daemon [_thread_blocked, id=12516, stack(0x000000835cd00000,0x000000835ce00000) (1024K)]
  0x000001e579d68d70 JavaThread "http-nio-8080-exec-2"       daemon [_thread_blocked, id=4852, stack(0x000000835ce00000,0x000000835cf00000) (1024K)]
  0x000001e579d69a90 JavaThread "http-nio-8080-exec-3"       daemon [_thread_blocked, id=10068, stack(0x000000835cf00000,0x000000835d000000) (1024K)]
  0x000001e579d66ca0 JavaThread "http-nio-8080-exec-4"       daemon [_thread_blocked, id=5440, stack(0x000000835d000000,0x000000835d100000) (1024K)]
  0x000001e579d69400 JavaThread "http-nio-8080-exec-5"       daemon [_thread_blocked, id=11224, stack(0x000000835d100000,0x000000835d200000) (1024K)]
  0x000001e579d6a120 JavaThread "http-nio-8080-exec-6"       daemon [_thread_blocked, id=13936, stack(0x000000835d200000,0x000000835d300000) (1024K)]
  0x000001e579d68050 JavaThread "http-nio-8080-exec-7"       daemon [_thread_in_Java, id=13644, stack(0x000000835d300000,0x000000835d400000) (1024K)]
  0x000001e579d67330 JavaThread "http-nio-8080-exec-8"       daemon [_thread_blocked, id=5528, stack(0x000000835d400000,0x000000835d500000) (1024K)]
  0x000001e579d679c0 JavaThread "http-nio-8080-exec-9"       daemon [_thread_blocked, id=7744, stack(0x000000835d500000,0x000000835d600000) (1024K)]
  0x000001e579d686e0 JavaThread "http-nio-8080-exec-10"      daemon [_thread_blocked, id=6176, stack(0x000000835d600000,0x000000835d700000) (1024K)]
  0x000001e57ac1c230 JavaThread "container-0"                       [_thread_blocked, id=6028, stack(0x000000835d700000,0x000000835d800000) (1024K)]
  0x000001e57ac18090 JavaThread "mysql-cj-abandoned-connection-cleanup" daemon [_thread_blocked, id=12716, stack(0x000000835d800000,0x000000835d900000) (1024K)]
  0x000001e57ac1a7f0 JavaThread "HikariPool-1 housekeeper"   daemon [_thread_blocked, id=11784, stack(0x000000835da00000,0x000000835db00000) (1024K)]
  0x000001e57ac15930 JavaThread "File Watcher"               daemon [_thread_blocked, id=11864, stack(0x000000835db00000,0x000000835dc00000) (1024K)]
  0x000001e57ac19440 JavaThread "Live Reload Server"         daemon [_thread_in_native, id=824, stack(0x000000835dd00000,0x000000835de00000) (1024K)]
  0x000001e57ac19ad0 JavaThread "MessageBroker-1"                   [_thread_blocked, id=8064, stack(0x000000835dc00000,0x000000835dd00000) (1024K)]
  0x000001e57ac16650 JavaThread "http-nio-8080-Poller"       daemon [_thread_in_native, id=744, stack(0x000000835de00000,0x000000835df00000) (1024K)]
  0x000001e57ac1a160 JavaThread "http-nio-8080-Acceptor"     daemon [_thread_in_native, id=11008, stack(0x000000835df00000,0x000000835e000000) (1024K)]
  0x000001e57ac16ce0 JavaThread "DestroyJavaVM"                     [_thread_blocked, id=12236, stack(0x000000835b300000,0x000000835b400000) (1024K)]
  0x000001e57ac17370 JavaThread "MessageBroker-2"                   [_thread_blocked, id=13404, stack(0x000000835b000000,0x000000835b100000) (1024K)]
  0x000001e5743a4610 JavaThread "MessageBroker-3"                   [_thread_blocked, id=11528, stack(0x000000835b100000,0x000000835b200000) (1024K)]
  0x000001e5743a8e40 JavaThread "MessageBroker-4"                   [_thread_blocked, id=6336, stack(0x000000835b200000,0x000000835b300000) (1024K)]
Total: 35

Other Threads:
  0x000001e5189690f0 VMThread "VM Thread"                           [id=6936, stack(0x000000835ba00000,0x000000835bb00000) (1024K)]
  0x000001e57411db60 WatcherThread "VM Periodic Task Thread"        [id=6476, stack(0x000000835b900000,0x000000835ba00000) (1024K)]
  0x000001e5188f3e30 WorkerThread "GC Thread#0"                     [id=14296, stack(0x000000835b400000,0x000000835b500000) (1024K)]
  0x000001e574a77ef0 WorkerThread "GC Thread#1"                     [id=6808, stack(0x000000835c600000,0x000000835c700000) (1024K)]
  0x000001e574a928c0 WorkerThread "GC Thread#2"                     [id=10456, stack(0x000000835c700000,0x000000835c800000) (1024K)]
  0x000001e5749e68d0 WorkerThread "GC Thread#3"                     [id=7404, stack(0x000000835c800000,0x000000835c900000) (1024K)]
  0x000001e5188fb3f0 ConcurrentGCThread "G1 Main Marker"            [id=1032, stack(0x000000835b500000,0x000000835b600000) (1024K)]
  0x000001e5188fbfc0 WorkerThread "G1 Conc#0"                       [id=5180, stack(0x000000835b600000,0x000000835b700000) (1024K)]
  0x000001e518941350 ConcurrentGCThread "G1 Refine#0"               [id=5072, stack(0x000000835b700000,0x000000835b800000) (1024K)]
  0x000001e518942df0 ConcurrentGCThread "G1 Service"                [id=8972, stack(0x000000835b800000,0x000000835b900000) (1024K)]
Total: 10

Threads with active compile tasks:
C2 CompilerThread0  7123338 15064       4       org.springframework.util.MultiValueMapAdapter::add (28 bytes)
Total: 1

VM state: not at safepoint (normal execution)

VM Mutex/Monitor currently owned by a thread: None

Heap address: 0x00000000cca00000, size: 822 MB, Compressed Oops mode: 32-bit

CDS archive(s) mapped at: [0x000001e533000000-0x000001e533c50000-0x000001e533c50000), size 12910592, SharedBaseAddress: 0x000001e533000000, ArchiveRelocationMode: 1.
Compressed class space mapped at: 0x000001e534000000-0x000001e574000000, reserved size: 1073741824
Narrow klass base: 0x000001e533000000, Narrow klass shift: 0, Narrow klass range: 0x41000000

GC Precious Log:
 CardTable entry size: 512
 Card Set container configuration: InlinePtr #cards 5 size 8 Array Of Cards #cards 12 size 40 Howl #buckets 4 coarsen threshold 1843 Howl Bitmap #cards 512 size 80 coarsen threshold 460 Card regions per heap region 1 cards per card region 2048
 CPUs: 4 total, 4 available
 Memory: 3285M
 Large Page Support: Disabled
 NUMA Support: Disabled
 Compressed Oops: Enabled (32-bit)
 Heap Region Size: 1M
 Heap Min Capacity: 8M
 Heap Initial Capacity: 52M
 Heap Max Capacity: 822M
 Pre-touch: Disabled
 Parallel Workers: 4
 Concurrent Workers: 1
 Concurrent Refinement Workers: 4
 Periodic GC: Disabled

Heap:
 garbage-first heap   total reserved 841728K, committed 111616K, used 74713K [0x00000000cca00000, 0x0000000100000000)
  region size 1024K, 31 young (31744K), 2 survivors (2048K)
 Metaspace       used 88433K, committed 89344K, reserved 1179648K
  class space    used 11811K, committed 12352K, reserved 1048576K

Heap Regions: E=young(eden), S=young(survivor), O=old, HS=humongous(starts), HC=humongous(continues), CS=collection set, F=free, TAMS=top-at-mark-start, PB=parsable bottom
|   0|0x00000000cca00000, 0x00000000ccb00000, 0x00000000ccb00000|100%|HS|  |TAMS 0x00000000cca00000| PB 0x00000000cca00000| Complete |  0
|   1|0x00000000ccb00000, 0x00000000ccc00000, 0x00000000ccc00000|100%| O|  |TAMS 0x00000000ccb00000| PB 0x00000000ccb00000| Untracked |  0
|   2|0x00000000ccc00000, 0x00000000ccd00000, 0x00000000ccd00000|100%| O|  |TAMS 0x00000000ccc00000| PB 0x00000000ccc00000| Untracked |  0
|   3|0x00000000ccd00000, 0x00000000cce00000, 0x00000000cce00000|100%| O|  |TAMS 0x00000000ccd00000| PB 0x00000000ccd00000| Untracked |  0
|   4|0x00000000cce00000, 0x00000000ccf00000, 0x00000000ccf00000|100%| O|Cm|TAMS 0x00000000cce00000| PB 0x00000000cce00000| Complete |  0
|   5|0x00000000ccf00000, 0x00000000cd000000, 0x00000000cd000000|100%| O|  |TAMS 0x00000000ccf00000| PB 0x00000000ccf00000| Untracked |  0
|   6|0x00000000cd000000, 0x00000000cd100000, 0x00000000cd100000|100%| O|  |TAMS 0x00000000cd000000| PB 0x00000000cd000000| Untracked |  0
|   7|0x00000000cd100000, 0x00000000cd200000, 0x00000000cd200000|100%| O|  |TAMS 0x00000000cd100000| PB 0x00000000cd100000| Untracked |  0
|   8|0x00000000cd200000, 0x00000000cd300000, 0x00000000cd300000|100%| O|  |TAMS 0x00000000cd200000| PB 0x00000000cd200000| Untracked |  0
|   9|0x00000000cd300000, 0x00000000cd400000, 0x00000000cd400000|100%| O|  |TAMS 0x00000000cd300000| PB 0x00000000cd300000| Untracked |  0
|  10|0x00000000cd400000, 0x00000000cd500000, 0x00000000cd500000|100%| O|  |TAMS 0x00000000cd400000| PB 0x00000000cd400000| Untracked |  0
|  11|0x00000000cd500000, 0x00000000cd5d8010, 0x00000000cd600000| 84%| O|  |TAMS 0x00000000cd500000| PB 0x00000000cd500000| Untracked |  0
|  12|0x00000000cd600000, 0x00000000cd700000, 0x00000000cd700000|100%| O|  |TAMS 0x00000000cd600000| PB 0x00000000cd600000| Untracked |  0
|  13|0x00000000cd700000, 0x00000000cd800000, 0x00000000cd800000|100%| O|  |TAMS 0x00000000cd700000| PB 0x00000000cd700000| Untracked |  0
|  14|0x00000000cd800000, 0x00000000cd900000, 0x00000000cd900000|100%| O|  |TAMS 0x00000000cd800000| PB 0x00000000cd800000| Untracked |  0
|  15|0x00000000cd900000, 0x00000000cda00000, 0x00000000cda00000|100%| O|  |TAMS 0x00000000cd900000| PB 0x00000000cd900000| Untracked |  0
|  16|0x00000000cda00000, 0x00000000cdb00000, 0x00000000cdb00000|100%| O|  |TAMS 0x00000000cda00000| PB 0x00000000cda00000| Untracked |  0
|  17|0x00000000cdb00000, 0x00000000cdc00000, 0x00000000cdc00000|100%| O|  |TAMS 0x00000000cdb00000| PB 0x00000000cdb00000| Untracked |  0
|  18|0x00000000cdc00000, 0x00000000cdd00000, 0x00000000cdd00000|100%| O|  |TAMS 0x00000000cdc00000| PB 0x00000000cdc00000| Untracked |  0
|  19|0x00000000cdd00000, 0x00000000cde00000, 0x00000000cde00000|100%| O|  |TAMS 0x00000000cdd00000| PB 0x00000000cdd00000| Untracked |  0
|  20|0x00000000cde00000, 0x00000000cdf00000, 0x00000000cdf00000|100%| O|  |TAMS 0x00000000cde00000| PB 0x00000000cde00000| Untracked |  0
|  21|0x00000000cdf00000, 0x00000000ce000000, 0x00000000ce000000|100%| O|  |TAMS 0x00000000cdf00000| PB 0x00000000cdf00000| Untracked |  0
|  22|0x00000000ce000000, 0x00000000ce100000, 0x00000000ce100000|100%| O|  |TAMS 0x00000000ce000000| PB 0x00000000ce000000| Untracked |  0
|  23|0x00000000ce100000, 0x00000000ce200000, 0x00000000ce200000|100%| O|  |TAMS 0x00000000ce100000| PB 0x00000000ce100000| Untracked |  0
|  24|0x00000000ce200000, 0x00000000ce300000, 0x00000000ce300000|100%| O|  |TAMS 0x00000000ce200000| PB 0x00000000ce200000| Untracked |  0
|  25|0x00000000ce300000, 0x00000000ce400000, 0x00000000ce400000|100%| O|  |TAMS 0x00000000ce300000| PB 0x00000000ce300000| Untracked |  0
|  26|0x00000000ce400000, 0x00000000ce500000, 0x00000000ce500000|100%| O|  |TAMS 0x00000000ce400000| PB 0x00000000ce400000| Untracked |  0
|  27|0x00000000ce500000, 0x00000000ce600000, 0x00000000ce600000|100%| O|  |TAMS 0x00000000ce500000| PB 0x00000000ce500000| Untracked |  0
|  28|0x00000000ce600000, 0x00000000ce700000, 0x00000000ce700000|100%| O|  |TAMS 0x00000000ce600000| PB 0x00000000ce600000| Untracked |  0
|  29|0x00000000ce700000, 0x00000000ce800000, 0x00000000ce800000|100%| O|  |TAMS 0x00000000ce700000| PB 0x00000000ce700000| Untracked |  0
|  30|0x00000000ce800000, 0x00000000ce900000, 0x00000000ce900000|100%| O|  |TAMS 0x00000000ce800000| PB 0x00000000ce800000| Untracked |  0
|  31|0x00000000ce900000, 0x00000000cea00000, 0x00000000cea00000|100%| O|  |TAMS 0x00000000ce900000| PB 0x00000000ce900000| Untracked |  0
|  32|0x00000000cea00000, 0x00000000cea00000, 0x00000000ceb00000|  0%| F|  |TAMS 0x00000000cea00000| PB 0x00000000cea00000| Untracked |  0
|  33|0x00000000ceb00000, 0x00000000cec00000, 0x00000000cec00000|100%| O|  |TAMS 0x00000000ceb00000| PB 0x00000000ceb00000| Untracked |  0
|  34|0x00000000cec00000, 0x00000000cec00000, 0x00000000ced00000|  0%| F|  |TAMS 0x00000000cec00000| PB 0x00000000cec00000| Untracked |  0
|  35|0x00000000ced00000, 0x00000000cee00000, 0x00000000cee00000|100%| O|  |TAMS 0x00000000ced00000| PB 0x00000000ced00000| Untracked |  0
|  36|0x00000000cee00000, 0x00000000cef00000, 0x00000000cef00000|100%| O|  |TAMS 0x00000000cee00000| PB 0x00000000cee00000| Untracked |  0
|  37|0x00000000cef00000, 0x00000000cf000000, 0x00000000cf000000|100%| O|Cm|TAMS 0x00000000cef00000| PB 0x00000000cef00000| Complete |  0
|  38|0x00000000cf000000, 0x00000000cf100000, 0x00000000cf100000|100%| O|  |TAMS 0x00000000cf000000| PB 0x00000000cf000000| Untracked |  0
|  39|0x00000000cf100000, 0x00000000cf100000, 0x00000000cf200000|  0%| F|  |TAMS 0x00000000cf100000| PB 0x00000000cf100000| Untracked |  0
|  40|0x00000000cf200000, 0x00000000cf200000, 0x00000000cf300000|  0%| F|  |TAMS 0x00000000cf200000| PB 0x00000000cf200000| Untracked |  0
|  41|0x00000000cf300000, 0x00000000cf400000, 0x00000000cf400000|100%| O|  |TAMS 0x00000000cf300000| PB 0x00000000cf300000| Untracked |  0
|  42|0x00000000cf400000, 0x00000000cf500000, 0x00000000cf500000|100%| O|  |TAMS 0x00000000cf400000| PB 0x00000000cf400000| Untracked |  0
|  43|0x00000000cf500000, 0x00000000cf600000, 0x00000000cf600000|100%| O|  |TAMS 0x00000000cf500000| PB 0x00000000cf500000| Untracked |  0
|  44|0x00000000cf600000, 0x00000000cf600000, 0x00000000cf700000|  0%| F|  |TAMS 0x00000000cf600000| PB 0x00000000cf600000| Untracked |  0
|  45|0x00000000cf700000, 0x00000000cf800000, 0x00000000cf800000|100%| O|  |TAMS 0x00000000cf700000| PB 0x00000000cf700000| Untracked |  0
|  46|0x00000000cf800000, 0x00000000cf900000, 0x00000000cf900000|100%| O|  |TAMS 0x00000000cf800000| PB 0x00000000cf800000| Untracked |  0
|  47|0x00000000cf900000, 0x00000000cf900000, 0x00000000cfa00000|  0%| F|  |TAMS 0x00000000cf900000| PB 0x00000000cf900000| Untracked |  0
|  48|0x00000000cfa00000, 0x00000000cfa00000, 0x00000000cfb00000|  0%| F|  |TAMS 0x00000000cfa00000| PB 0x00000000cfa00000| Untracked |  0
|  49|0x00000000cfb00000, 0x00000000cfc00000, 0x00000000cfc00000|100%| O|  |TAMS 0x00000000cfb00000| PB 0x00000000cfb00000| Untracked |  0
|  50|0x00000000cfc00000, 0x00000000cfd00000, 0x00000000cfd00000|100%| O|  |TAMS 0x00000000cfc00000| PB 0x00000000cfc00000| Untracked |  0
|  51|0x00000000cfd00000, 0x00000000cfd00000, 0x00000000cfe00000|  0%| F|  |TAMS 0x00000000cfd00000| PB 0x00000000cfd00000| Untracked |  0
|  52|0x00000000cfe00000, 0x00000000cfe00000, 0x00000000cff00000|  0%| F|  |TAMS 0x00000000cfe00000| PB 0x00000000cfe00000| Untracked |  0
|  53|0x00000000cff00000, 0x00000000cff1e7c0, 0x00000000d0000000| 11%| S|CS|TAMS 0x00000000cff00000| PB 0x00000000cff00000| Complete |  0
|  54|0x00000000d0000000, 0x00000000d0100000, 0x00000000d0100000|100%| S|CS|TAMS 0x00000000d0000000| PB 0x00000000d0000000| Complete |  0
|  55|0x00000000d0100000, 0x00000000d0100000, 0x00000000d0200000|  0%| F|  |TAMS 0x00000000d0100000| PB 0x00000000d0100000| Untracked |  0
|  56|0x00000000d0200000, 0x00000000d0200000, 0x00000000d0300000|  0%| F|  |TAMS 0x00000000d0200000| PB 0x00000000d0200000| Untracked |  0
|  57|0x00000000d0300000, 0x00000000d0300000, 0x00000000d0400000|  0%| F|  |TAMS 0x00000000d0300000| PB 0x00000000d0300000| Untracked |  0
|  58|0x00000000d0400000, 0x00000000d0400000, 0x00000000d0500000|  0%| F|  |TAMS 0x00000000d0400000| PB 0x00000000d0400000| Untracked |  0
|  59|0x00000000d0500000, 0x00000000d0500000, 0x00000000d0600000|  0%| F|  |TAMS 0x00000000d0500000| PB 0x00000000d0500000| Untracked |  0
|  60|0x00000000d0600000, 0x00000000d0600000, 0x00000000d0700000|  0%| F|  |TAMS 0x00000000d0600000| PB 0x00000000d0600000| Untracked |  0
|  61|0x00000000d0700000, 0x00000000d0700000, 0x00000000d0800000|  0%| F|  |TAMS 0x00000000d0700000| PB 0x00000000d0700000| Untracked |  0
|  62|0x00000000d0800000, 0x00000000d0800000, 0x00000000d0900000|  0%| F|  |TAMS 0x00000000d0800000| PB 0x00000000d0800000| Untracked |  0
|  63|0x00000000d0900000, 0x00000000d0900000, 0x00000000d0a00000|  0%| F|  |TAMS 0x00000000d0900000| PB 0x00000000d0900000| Untracked |  0
|  64|0x00000000d0a00000, 0x00000000d0a00000, 0x00000000d0b00000|  0%| F|  |TAMS 0x00000000d0a00000| PB 0x00000000d0a00000| Untracked |  0
|  65|0x00000000d0b00000, 0x00000000d0b00000, 0x00000000d0c00000|  0%| F|  |TAMS 0x00000000d0b00000| PB 0x00000000d0b00000| Untracked |  0
|  66|0x00000000d0c00000, 0x00000000d0c00000, 0x00000000d0d00000|  0%| F|  |TAMS 0x00000000d0c00000| PB 0x00000000d0c00000| Untracked |  0
|  67|0x00000000d0d00000, 0x00000000d0d00000, 0x00000000d0e00000|  0%| F|  |TAMS 0x00000000d0d00000| PB 0x00000000d0d00000| Untracked |  0
|  68|0x00000000d0e00000, 0x00000000d0e00000, 0x00000000d0f00000|  0%| F|  |TAMS 0x00000000d0e00000| PB 0x00000000d0e00000| Untracked |  0
|  69|0x00000000d0f00000, 0x00000000d0f00000, 0x00000000d1000000|  0%| F|  |TAMS 0x00000000d0f00000| PB 0x00000000d0f00000| Untracked |  0
|  70|0x00000000d1000000, 0x00000000d1000000, 0x00000000d1100000|  0%| F|  |TAMS 0x00000000d1000000| PB 0x00000000d1000000| Untracked |  0
|  71|0x00000000d1100000, 0x00000000d1100000, 0x00000000d1200000|  0%| F|  |TAMS 0x00000000d1100000| PB 0x00000000d1100000| Untracked |  0
|  72|0x00000000d1200000, 0x00000000d1200000, 0x00000000d1300000|  0%| F|  |TAMS 0x00000000d1200000| PB 0x00000000d1200000| Untracked |  0
|  73|0x00000000d1300000, 0x00000000d1300000, 0x00000000d1400000|  0%| F|  |TAMS 0x00000000d1300000| PB 0x00000000d1300000| Untracked |  0
|  74|0x00000000d1400000, 0x00000000d1400000, 0x00000000d1500000|  0%| F|  |TAMS 0x00000000d1400000| PB 0x00000000d1400000| Untracked |  0
|  75|0x00000000d1500000, 0x00000000d1500000, 0x00000000d1600000|  0%| F|  |TAMS 0x00000000d1500000| PB 0x00000000d1500000| Untracked |  0
|  76|0x00000000d1600000, 0x00000000d1600000, 0x00000000d1700000|  0%| F|  |TAMS 0x00000000d1600000| PB 0x00000000d1600000| Untracked |  0
|  77|0x00000000d1700000, 0x00000000d1700000, 0x00000000d1800000|  0%| F|  |TAMS 0x00000000d1700000| PB 0x00000000d1700000| Untracked |  0
|  78|0x00000000d1800000, 0x00000000d1800000, 0x00000000d1900000|  0%| F|  |TAMS 0x00000000d1800000| PB 0x00000000d1800000| Untracked |  0
|  79|0x00000000d1900000, 0x00000000d1900000, 0x00000000d1a00000|  0%| F|  |TAMS 0x00000000d1900000| PB 0x00000000d1900000| Untracked |  0
|  80|0x00000000d1a00000, 0x00000000d1a2abf0, 0x00000000d1b00000| 16%| E|  |TAMS 0x00000000d1a00000| PB 0x00000000d1a00000| Complete |  0
|  81|0x00000000d1b00000, 0x00000000d1c00000, 0x00000000d1c00000|100%| E|CS|TAMS 0x00000000d1b00000| PB 0x00000000d1b00000| Complete |  0
|  82|0x00000000d1c00000, 0x00000000d1d00000, 0x00000000d1d00000|100%| E|CS|TAMS 0x00000000d1c00000| PB 0x00000000d1c00000| Complete |  0
|  83|0x00000000d1d00000, 0x00000000d1e00000, 0x00000000d1e00000|100%| E|CS|TAMS 0x00000000d1d00000| PB 0x00000000d1d00000| Complete |  0
|  84|0x00000000d1e00000, 0x00000000d1f00000, 0x00000000d1f00000|100%| E|CS|TAMS 0x00000000d1e00000| PB 0x00000000d1e00000| Complete |  0
|  85|0x00000000d1f00000, 0x00000000d2000000, 0x00000000d2000000|100%| E|CS|TAMS 0x00000000d1f00000| PB 0x00000000d1f00000| Complete |  0
|  86|0x00000000d2000000, 0x00000000d2100000, 0x00000000d2100000|100%| E|CS|TAMS 0x00000000d2000000| PB 0x00000000d2000000| Complete |  0
|  87|0x00000000d2100000, 0x00000000d2200000, 0x00000000d2200000|100%| E|CS|TAMS 0x00000000d2100000| PB 0x00000000d2100000| Complete |  0
|  88|0x00000000d2200000, 0x00000000d2300000, 0x00000000d2300000|100%| E|CS|TAMS 0x00000000d2200000| PB 0x00000000d2200000| Complete |  0
|  89|0x00000000d2300000, 0x00000000d2400000, 0x00000000d2400000|100%| E|CS|TAMS 0x00000000d2300000| PB 0x00000000d2300000| Complete |  0
|  90|0x00000000d2400000, 0x00000000d2500000, 0x00000000d2500000|100%| E|CS|TAMS 0x00000000d2400000| PB 0x00000000d2400000| Complete |  0
|  91|0x00000000d2500000, 0x00000000d2600000, 0x00000000d2600000|100%| E|CS|TAMS 0x00000000d2500000| PB 0x00000000d2500000| Complete |  0
|  92|0x00000000d2600000, 0x00000000d2700000, 0x00000000d2700000|100%| E|CS|TAMS 0x00000000d2600000| PB 0x00000000d2600000| Complete |  0
|  93|0x00000000d2700000, 0x00000000d2800000, 0x00000000d2800000|100%| E|CS|TAMS 0x00000000d2700000| PB 0x00000000d2700000| Complete |  0
|  94|0x00000000d2800000, 0x00000000d2900000, 0x00000000d2900000|100%| E|CS|TAMS 0x00000000d2800000| PB 0x00000000d2800000| Complete |  0
|  95|0x00000000d2900000, 0x00000000d2a00000, 0x00000000d2a00000|100%| E|CS|TAMS 0x00000000d2900000| PB 0x00000000d2900000| Complete |  0
|  96|0x00000000d2a00000, 0x00000000d2b00000, 0x00000000d2b00000|100%| E|CS|TAMS 0x00000000d2a00000| PB 0x00000000d2a00000| Complete |  0
|  97|0x00000000d2b00000, 0x00000000d2c00000, 0x00000000d2c00000|100%| E|CS|TAMS 0x00000000d2b00000| PB 0x00000000d2b00000| Complete |  0
|  98|0x00000000d2c00000, 0x00000000d2d00000, 0x00000000d2d00000|100%| E|CS|TAMS 0x00000000d2c00000| PB 0x00000000d2c00000| Complete |  0
|  99|0x00000000d2d00000, 0x00000000d2e00000, 0x00000000d2e00000|100%| E|CS|TAMS 0x00000000d2d00000| PB 0x00000000d2d00000| Complete |  0
| 100|0x00000000d2e00000, 0x00000000d2f00000, 0x00000000d2f00000|100%| E|CS|TAMS 0x00000000d2e00000| PB 0x00000000d2e00000| Complete |  0
| 101|0x00000000d2f00000, 0x00000000d3000000, 0x00000000d3000000|100%| E|CS|TAMS 0x00000000d2f00000| PB 0x00000000d2f00000| Complete |  0
| 102|0x00000000d3000000, 0x00000000d3100000, 0x00000000d3100000|100%| E|CS|TAMS 0x00000000d3000000| PB 0x00000000d3000000| Complete |  0
| 103|0x00000000d3100000, 0x00000000d3200000, 0x00000000d3200000|100%| E|CS|TAMS 0x00000000d3100000| PB 0x00000000d3100000| Complete |  0
| 104|0x00000000d3200000, 0x00000000d3300000, 0x00000000d3300000|100%| E|CS|TAMS 0x00000000d3200000| PB 0x00000000d3200000| Complete |  0
| 105|0x00000000d3300000, 0x00000000d3400000, 0x00000000d3400000|100%| E|CS|TAMS 0x00000000d3300000| PB 0x00000000d3300000| Complete |  0
| 106|0x00000000d3400000, 0x00000000d3500000, 0x00000000d3500000|100%| E|CS|TAMS 0x00000000d3400000| PB 0x00000000d3400000| Complete |  0
| 107|0x00000000d3500000, 0x00000000d3600000, 0x00000000d3600000|100%| E|CS|TAMS 0x00000000d3500000| PB 0x00000000d3500000| Complete |  0
| 108|0x00000000d3600000, 0x00000000d3700000, 0x00000000d3700000|100%| E|CS|TAMS 0x00000000d3600000| PB 0x00000000d3600000| Complete |  0

Card table byte_map: [0x000001e52fc00000,0x000001e52fda0000] _byte_map_base: 0x000001e52f59b000

Marking Bits: (CMBitMap*) 0x000001e5188f4450
 Bits: [0x000001e52fda0000, 0x000001e530a78000)

Polling page: 0x000001e516780000

Metaspace:

Usage:
  Non-class:     74.83 MB used.
      Class:     11.53 MB used.
       Both:     86.36 MB used.

Virtual space:
  Non-class space:      128.00 MB reserved,      75.19 MB ( 59%) committed,  2 nodes.
      Class space:        1.00 GB reserved,      12.06 MB (  1%) committed,  1 nodes.
             Both:        1.12 GB reserved,      87.25 MB (  8%) committed. 

Chunk freelists:
   Non-Class:  3.90 MB
       Class:  4.04 MB
        Both:  7.94 MB

MaxMetaspaceSize: unlimited
CompressedClassSpaceSize: 1.00 GB
Initial GC threshold: 21.00 MB
Current GC threshold: 145.00 MB
CDS: on
 - commit_granule_bytes: 65536.
 - commit_granule_words: 8192.
 - virtual_space_node_default_size: 8388608.
 - enlarge_chunks_in_place: 1.
 - use_allocation_guard: 0.


Internal statistics:

num_allocs_failed_limit: 15.
num_arena_births: 1610.
num_arena_deaths: 462.
num_vsnodes_births: 3.
num_vsnodes_deaths: 0.
num_space_committed: 1396.
num_space_uncommitted: 0.
num_chunks_returned_to_freelist: 547.
num_chunks_taken_from_freelist: 5068.
num_chunk_merges: 144.
num_chunk_splits: 3398.
num_chunks_enlarged: 2498.
num_inconsistent_stats: 0.

CodeHeap 'non-profiled nmethods': size=120000Kb used=5243Kb max_used=5849Kb free=114756Kb
 bounds [0x000001e5286d0000, 0x000001e528ca0000, 0x000001e52fc00000]
CodeHeap 'profiled nmethods': size=120000Kb used=14179Kb max_used=20250Kb free=105821Kb
 bounds [0x000001e520c00000, 0x000001e521fd0000, 0x000001e528130000]
CodeHeap 'non-nmethods': size=5760Kb used=1802Kb max_used=1852Kb free=3957Kb
 bounds [0x000001e528130000, 0x000001e5283a0000, 0x000001e5286d0000]
 total_blobs=8256 nmethods=7456 adapters=703
 compilation: enabled
              stopped_count=0, restarted_count=0
 full_count=0

Compilation events (20 events):
Event: 7109.535 Thread 0x000001e574132dc0 nmethod 15055 0x000001e5216b9310 code [0x000001e5216b94c0, 0x000001e5216b9670]
Event: 7109.535 Thread 0x000001e574132dc0 15051       3       jdk.internal.misc.Unsafe::weakCompareAndSetLongRelease (11 bytes)
Event: 7109.536 Thread 0x000001e574132dc0 nmethod 15051 0x000001e521d11e90 code [0x000001e521d12020, 0x000001e521d12148]
Event: 7109.770 Thread 0x000001e57412def0 15056       4       com.mysql.cj.conf.BooleanPropertyDefinition::createRuntimeProperty (9 bytes)
Event: 7109.776 Thread 0x000001e57412def0 nmethod 15056 0x000001e528b05010 code [0x000001e528b051a0, 0x000001e528b052a0]
Event: 7109.781 Thread 0x000001e574132dc0 15057       3       java.lang.invoke.LambdaForm$DMH/0x000001e534b18c00::newInvokeSpecial (27 bytes)
Event: 7109.785 Thread 0x000001e574132dc0 nmethod 15057 0x000001e521cde290 code [0x000001e521cde480, 0x000001e521cdea38]
Event: 7109.786 Thread 0x000001e574132dc0 15062       3       sun.security.util.DisabledAlgorithmConstraints::checkConstraints (137 bytes)
Event: 7109.786 Thread 0x000001e57412def0 15063   !   4       java.io.BufferedOutputStream::write (73 bytes)
Event: 7109.795 Thread 0x000001e574132dc0 nmethod 15062 0x000001e521472a90 code [0x000001e521472d40, 0x000001e5214739b0]
Event: 7109.795 Thread 0x000001e574132dc0 15058       3       java.util.LinkedList::remove (5 bytes)
Event: 7109.798 Thread 0x000001e574132dc0 nmethod 15058 0x000001e521a6cc90 code [0x000001e521a6ce60, 0x000001e521a6d110]
Event: 7109.798 Thread 0x000001e574132dc0 15059       3       java.util.LinkedList::removeFirst (23 bytes)
Event: 7109.798 Thread 0x000001e574132dc0 nmethod 15059 0x000001e521cddd90 code [0x000001e521cddf40, 0x000001e521cde190]
Event: 7109.798 Thread 0x000001e574132dc0 15060       3       java.util.LinkedList::unlinkFirst (64 bytes)
Event: 7109.799 Thread 0x000001e574132dc0 nmethod 15060 0x000001e52148e010 code [0x000001e52148e1c0, 0x000001e52148e458]
Event: 7109.799 Thread 0x000001e574132dc0 15061       3       java.util.Date::getMillisOf (55 bytes)
Event: 7109.811 Thread 0x000001e574132dc0 nmethod 15061 0x000001e52148d210 code [0x000001e52148d420, 0x000001e52148dcc8]
Event: 7109.820 Thread 0x000001e57412def0 nmethod 15063 0x000001e528852610 code [0x000001e528852840, 0x000001e528853008]
Event: 7122.886 Thread 0x000001e57412def0 15064       4       org.springframework.util.MultiValueMapAdapter::add (28 bytes)

GC Heap History (20 events):
Event: 3674.153 GC heap before
{Heap before GC invocations=42 (full 0):
 garbage-first heap   total reserved 841728K, committed 111616K, used 101548K [0x00000000cca00000, 0x0000000100000000)
  region size 1024K, 56 young (57344K), 3 survivors (3072K)
 Metaspace       used 87436K, committed 88576K, reserved 1179648K
  class space    used 11793K, committed 12352K, reserved 1048576K
}
Event: 3674.284 GC heap after
{Heap after GC invocations=43 (full 0):
 garbage-first heap   total reserved 841728K, committed 111616K, used 47718K [0x00000000cca00000, 0x0000000100000000)
  region size 1024K, 4 young (4096K), 4 survivors (4096K)
 Metaspace       used 87436K, committed 88576K, reserved 1179648K
  class space    used 11793K, committed 12352K, reserved 1048576K
}
Event: 4044.842 GC heap before
{Heap before GC invocations=43 (full 0):
 garbage-first heap   total reserved 841728K, committed 111616K, used 99942K [0x00000000cca00000, 0x0000000100000000)
  region size 1024K, 55 young (56320K), 4 survivors (4096K)
 Metaspace       used 87441K, committed 88576K, reserved 1179648K
  class space    used 11793K, committed 12352K, reserved 1048576K
}
Event: 4044.986 GC heap after
{Heap after GC invocations=44 (full 0):
 garbage-first heap   total reserved 841728K, committed 111616K, used 46747K [0x00000000cca00000, 0x0000000100000000)
  region size 1024K, 3 young (3072K), 3 survivors (3072K)
 Metaspace       used 87441K, committed 88576K, reserved 1179648K
  class space    used 11793K, committed 12352K, reserved 1048576K
}
Event: 4438.087 GC heap before
{Heap before GC invocations=44 (full 0):
 garbage-first heap   total reserved 841728K, committed 111616K, used 102043K [0x00000000cca00000, 0x0000000100000000)
  region size 1024K, 57 young (58368K), 3 survivors (3072K)
 Metaspace       used 87441K, committed 88576K, reserved 1179648K
  class space    used 11793K, committed 12352K, reserved 1048576K
}
Event: 4438.209 GC heap after
{Heap after GC invocations=45 (full 0):
 garbage-first heap   total reserved 841728K, committed 111616K, used 46655K [0x00000000cca00000, 0x0000000100000000)
  region size 1024K, 3 young (3072K), 3 survivors (3072K)
 Metaspace       used 87441K, committed 88576K, reserved 1179648K
  class space    used 11793K, committed 12352K, reserved 1048576K
}
Event: 4835.373 GC heap before
{Heap before GC invocations=45 (full 0):
 garbage-first heap   total reserved 841728K, committed 111616K, used 101951K [0x00000000cca00000, 0x0000000100000000)
  region size 1024K, 57 young (58368K), 3 survivors (3072K)
 Metaspace       used 87442K, committed 88576K, reserved 1179648K
  class space    used 11793K, committed 12352K, reserved 1048576K
}
Event: 4835.487 GC heap after
{Heap after GC invocations=46 (full 0):
 garbage-first heap   total reserved 841728K, committed 111616K, used 46676K [0x00000000cca00000, 0x0000000100000000)
  region size 1024K, 3 young (3072K), 3 survivors (3072K)
 Metaspace       used 87442K, committed 88576K, reserved 1179648K
  class space    used 11793K, committed 12352K, reserved 1048576K
}
Event: 5232.892 GC heap before
{Heap before GC invocations=47 (full 0):
 garbage-first heap   total reserved 841728K, committed 111616K, used 101972K [0x00000000cca00000, 0x0000000100000000)
  region size 1024K, 57 young (58368K), 3 survivors (3072K)
 Metaspace       used 87446K, committed 88576K, reserved 1179648K
  class space    used 11793K, committed 12352K, reserved 1048576K
}
Event: 5232.989 GC heap after
{Heap after GC invocations=48 (full 0):
 garbage-first heap   total reserved 841728K, committed 111616K, used 46636K [0x00000000cca00000, 0x0000000100000000)
  region size 1024K, 3 young (3072K), 3 survivors (3072K)
 Metaspace       used 87446K, committed 88576K, reserved 1179648K
  class space    used 11793K, committed 12352K, reserved 1048576K
}
Event: 5594.720 GC heap before
{Heap before GC invocations=48 (full 0):
 garbage-first heap   total reserved 841728K, committed 111616K, used 101932K [0x00000000cca00000, 0x0000000100000000)
  region size 1024K, 57 young (58368K), 3 survivors (3072K)
 Metaspace       used 87483K, committed 88640K, reserved 1179648K
  class space    used 11793K, committed 12352K, reserved 1048576K
}
Event: 5594.872 GC heap after
{Heap after GC invocations=49 (full 0):
 garbage-first heap   total reserved 841728K, committed 111616K, used 46581K [0x00000000cca00000, 0x0000000100000000)
  region size 1024K, 2 young (2048K), 2 survivors (2048K)
 Metaspace       used 87483K, committed 88640K, reserved 1179648K
  class space    used 11793K, committed 12352K, reserved 1048576K
}
Event: 5896.789 GC heap before
{Heap before GC invocations=49 (full 0):
 garbage-first heap   total reserved 841728K, committed 111616K, used 102901K [0x00000000cca00000, 0x0000000100000000)
  region size 1024K, 57 young (58368K), 2 survivors (2048K)
 Metaspace       used 87734K, committed 88704K, reserved 1179648K
  class space    used 11794K, committed 12352K, reserved 1048576K
}
Event: 5896.957 GC heap after
{Heap after GC invocations=50 (full 0):
 garbage-first heap   total reserved 841728K, committed 111616K, used 46352K [0x00000000cca00000, 0x0000000100000000)
  region size 1024K, 2 young (2048K), 2 survivors (2048K)
 Metaspace       used 87734K, committed 88704K, reserved 1179648K
  class space    used 11794K, committed 12352K, reserved 1048576K
}
Event: 6235.581 GC heap before
{Heap before GC invocations=50 (full 0):
 garbage-first heap   total reserved 841728K, committed 111616K, used 102672K [0x00000000cca00000, 0x0000000100000000)
  region size 1024K, 57 young (58368K), 2 survivors (2048K)
 Metaspace       used 88042K, committed 89024K, reserved 1179648K
  class space    used 11804K, committed 12352K, reserved 1048576K
}
Event: 6235.707 GC heap after
{Heap after GC invocations=51 (full 0):
 garbage-first heap   total reserved 841728K, committed 111616K, used 46685K [0x00000000cca00000, 0x0000000100000000)
  region size 1024K, 2 young (2048K), 2 survivors (2048K)
 Metaspace       used 88042K, committed 89024K, reserved 1179648K
  class space    used 11804K, committed 12352K, reserved 1048576K
}
Event: 6559.940 GC heap before
{Heap before GC invocations=52 (full 0):
 garbage-first heap   total reserved 841728K, committed 111616K, used 103005K [0x00000000cca00000, 0x0000000100000000)
  region size 1024K, 57 young (58368K), 2 survivors (2048K)
 Metaspace       used 88348K, committed 89280K, reserved 1179648K
  class space    used 11810K, committed 12352K, reserved 1048576K
}
Event: 6560.003 GC heap after
{Heap after GC invocations=53 (full 0):
 garbage-first heap   total reserved 841728K, committed 111616K, used 46471K [0x00000000cca00000, 0x0000000100000000)
  region size 1024K, 2 young (2048K), 2 survivors (2048K)
 Metaspace       used 88348K, committed 89280K, reserved 1179648K
  class space    used 11810K, committed 12352K, reserved 1048576K
}
Event: 6939.237 GC heap before
{Heap before GC invocations=53 (full 0):
 garbage-first heap   total reserved 841728K, committed 111616K, used 101767K [0x00000000cca00000, 0x0000000100000000)
  region size 1024K, 56 young (57344K), 2 survivors (2048K)
 Metaspace       used 88393K, committed 89344K, reserved 1179648K
  class space    used 11811K, committed 12352K, reserved 1048576K
}
Event: 6939.312 GC heap after
{Heap after GC invocations=54 (full 0):
 garbage-first heap   total reserved 841728K, committed 111616K, used 46041K [0x00000000cca00000, 0x0000000100000000)
  region size 1024K, 2 young (2048K), 2 survivors (2048K)
 Metaspace       used 88393K, committed 89344K, reserved 1179648K
  class space    used 11811K, committed 12352K, reserved 1048576K
}

Dll operation events (15 events):
Event: 0.031 Loaded shared library C:\Users\admin\.jdks\openjdk-22.0.1\bin\java.dll
Event: 0.138 Loaded shared library C:\Users\admin\.jdks\openjdk-22.0.1\bin\jsvml.dll
Event: 0.393 Loaded shared library C:\Users\admin\.jdks\openjdk-22.0.1\bin\zip.dll
Event: 0.399 Loaded shared library C:\Users\admin\.jdks\openjdk-22.0.1\bin\instrument.dll
Event: 0.406 Loaded shared library C:\Users\admin\.jdks\openjdk-22.0.1\bin\net.dll
Event: 0.409 Loaded shared library C:\Users\admin\.jdks\openjdk-22.0.1\bin\nio.dll
Event: 0.413 Loaded shared library C:\Users\admin\.jdks\openjdk-22.0.1\bin\zip.dll
Event: 0.792 Loaded shared library C:\Program Files\JetBrains\IntelliJ IDEA Community Edition 2024.1.2\bin\breakgen64.dll
Event: 0.818 Loaded shared library C:\Users\admin\.jdks\openjdk-22.0.1\bin\extnet.dll
Event: 0.874 Loaded shared library C:\Users\admin\.jdks\openjdk-22.0.1\bin\verify.dll
Event: 0.897 Loaded shared library C:\Users\admin\.jdks\openjdk-22.0.1\bin\jimage.dll
Event: 1.693 Loaded shared library C:\Users\admin\.jdks\openjdk-22.0.1\bin\management.dll
Event: 1.698 Loaded shared library C:\Users\admin\.jdks\openjdk-22.0.1\bin\management_ext.dll
Event: 2.790 Loaded shared library C:\Users\admin\.jdks\openjdk-22.0.1\bin\le.dll
Event: 3.855 Loaded shared library C:\Users\admin\.jdks\openjdk-22.0.1\bin\sunmscapi.dll

Deoptimization events (20 events):
Event: 5917.820 Thread 0x000001e579d66ca0 Uncommon trap: trap_request=0xffffffd6 fr.pc=0x000001e528a40848 relative=0x0000000000000388
Event: 5917.820 Thread 0x000001e579d66ca0 Uncommon trap: reason=array_check action=maybe_recompile pc=0x000001e528a40848 method=org.hibernate.internal.util.collections.StandardStack.push(Ljava/lang/Object;)V @ 43 c2
Event: 5917.820 Thread 0x000001e579d66ca0 DEOPT PACKING pc=0x000001e528a40848 sp=0x000000835d0f9c70
Event: 5917.820 Thread 0x000001e579d66ca0 DEOPT UNPACKING pc=0x000001e5281846a2 sp=0x000000835d0f9c40 mode 2
Event: 5917.820 Thread 0x000001e579d66ca0 Uncommon trap: trap_request=0xffffffd6 fr.pc=0x000001e528a40848 relative=0x0000000000000388
Event: 5917.820 Thread 0x000001e579d66ca0 Uncommon trap: reason=array_check action=maybe_recompile pc=0x000001e528a40848 method=org.hibernate.internal.util.collections.StandardStack.push(Ljava/lang/Object;)V @ 43 c2
Event: 5917.820 Thread 0x000001e579d66ca0 DEOPT PACKING pc=0x000001e528a40848 sp=0x000000835d0f9c70
Event: 5917.821 Thread 0x000001e579d66ca0 DEOPT UNPACKING pc=0x000001e5281846a2 sp=0x000000835d0f9c40 mode 2
Event: 5917.821 Thread 0x000001e579d66ca0 Uncommon trap: trap_request=0xffffffd6 fr.pc=0x000001e528a40848 relative=0x0000000000000388
Event: 5917.821 Thread 0x000001e579d66ca0 Uncommon trap: reason=array_check action=maybe_recompile pc=0x000001e528a40848 method=org.hibernate.internal.util.collections.StandardStack.push(Ljava/lang/Object;)V @ 43 c2
Event: 5917.821 Thread 0x000001e579d66ca0 DEOPT PACKING pc=0x000001e528a40848 sp=0x000000835d0f9d40
Event: 5917.821 Thread 0x000001e579d66ca0 DEOPT UNPACKING pc=0x000001e5281846a2 sp=0x000000835d0f9d10 mode 2
Event: 7077.149 Thread 0x000001e5743a94d0 DEOPT PACKING pc=0x000001e520f2f320 sp=0x000000835cafdc30
Event: 7077.150 Thread 0x000001e5743a94d0 DEOPT UNPACKING pc=0x000001e528184e42 sp=0x000000835cafd0d0 mode 0
Event: 7077.253 Thread 0x000001e5743a94d0 DEOPT PACKING pc=0x000001e5212c3d50 sp=0x000000835cafdb30
Event: 7077.254 Thread 0x000001e5743a94d0 DEOPT UNPACKING pc=0x000001e528184e42 sp=0x000000835cafcfb0 mode 0
Event: 7084.263 Thread 0x000001e5743a94d0 DEOPT PACKING pc=0x000001e5211ad639 sp=0x000000835cafdd30
Event: 7084.263 Thread 0x000001e5743a94d0 DEOPT UNPACKING pc=0x000001e528184e42 sp=0x000000835cafd1b0 mode 0
Event: 7095.495 Thread 0x000001e5743a87b0 DEOPT PACKING pc=0x000001e5219f131a sp=0x000000835cafe2e0
Event: 7095.495 Thread 0x000001e5743a87b0 DEOPT UNPACKING pc=0x000001e528184e42 sp=0x000000835cafd748 mode 0

Classes loaded (20 events):
Event: 193.381 Loading class java/util/stream/DoubleStream
Event: 193.382 Loading class java/util/stream/DoubleStream done
Event: 196.223 Loading class java/util/concurrent/locks/ReentrantReadWriteLock$Sync$HoldCounter
Event: 196.223 Loading class java/util/concurrent/locks/ReentrantReadWriteLock$Sync$HoldCounter done
Event: 196.350 Loading class jdk/internal/reflect/MethodHandleBooleanFieldAccessorImpl
Event: 196.350 Loading class jdk/internal/reflect/MethodHandleBooleanFieldAccessorImpl done
Event: 196.586 Loading class java/util/stream/SliceOps
Event: 196.587 Loading class java/util/stream/SliceOps done
Event: 196.587 Loading class java/util/stream/SliceOps$1
Event: 196.587 Loading class java/util/stream/SliceOps$1 done
Event: 196.591 Loading class java/util/stream/SliceOps$1$1
Event: 196.591 Loading class java/util/stream/SliceOps$1$1 done
Event: 1766.449 Loading class sun/security/ssl/Alert
Event: 1766.524 Loading class sun/security/ssl/Alert done
Event: 1766.537 Loading class sun/security/ssl/Alert$AlertConsumer
Event: 1766.559 Loading class sun/security/ssl/Alert$AlertConsumer done
Event: 1766.559 Loading class sun/security/ssl/Alert$Level
Event: 1766.563 Loading class sun/security/ssl/Alert$Level done
Event: 1766.575 Loading class sun/net/ConnectionResetException
Event: 1766.580 Loading class sun/net/ConnectionResetException done

Classes unloaded (20 events):
Event: 1508.183 Thread 0x000001e5189690f0 Unloading class 0x000001e534015400 'java/lang/invoke/LambdaForm$MH+0x000001e534015400'
Event: 1508.183 Thread 0x000001e5189690f0 Unloading class 0x000001e534014c00 'java/lang/invoke/LambdaForm$MH+0x000001e534014c00'
Event: 1508.183 Thread 0x000001e5189690f0 Unloading class 0x000001e534014400 'java/lang/invoke/LambdaForm$MH+0x000001e534014400'
Event: 1508.183 Thread 0x000001e5189690f0 Unloading class 0x000001e534014000 'java/lang/invoke/LambdaForm$MH+0x000001e534014000'
Event: 1508.183 Thread 0x000001e5189690f0 Unloading class 0x000001e534002400 'java/lang/invoke/LambdaForm$MH+0x000001e534002400'
Event: 1508.183 Thread 0x000001e5189690f0 Unloading class 0x000001e534002000 'java/lang/invoke/LambdaForm$MH+0x000001e534002000'
Event: 1508.183 Thread 0x000001e5189690f0 Unloading class 0x000001e534001c00 'java/lang/invoke/LambdaForm$MH+0x000001e534001c00'
Event: 1508.184 Thread 0x000001e5189690f0 Unloading class 0x000001e534001400 'java/lang/invoke/LambdaForm$MH+0x000001e534001400'
Event: 2929.252 Thread 0x000001e5189690f0 Unloading class 0x000001e534b25000 'java/lang/invoke/LambdaForm$MH+0x000001e534b25000'
Event: 2929.253 Thread 0x000001e5189690f0 Unloading class 0x000001e534389000 'java/lang/invoke/LambdaForm$BMH+0x000001e534389000'
Event: 2929.254 Thread 0x000001e5189690f0 Unloading class 0x000001e5341cc000 'java/lang/invoke/LambdaForm$MH+0x000001e5341cc000'
Event: 6236.533 Thread 0x000001e5189690f0 Unloading class 0x000001e534bf8800 'java/lang/invoke/LambdaForm$MH+0x000001e534bf8800'
Event: 6236.533 Thread 0x000001e5189690f0 Unloading class 0x000001e534b82c00 'java/lang/invoke/LambdaForm$MH+0x000001e534b82c00'
Event: 6236.533 Thread 0x000001e5189690f0 Unloading class 0x000001e534b82000 'java/lang/invoke/LambdaForm$MH+0x000001e534b82000'
Event: 6236.533 Thread 0x000001e5189690f0 Unloading class 0x000001e534b81c00 'java/lang/invoke/LambdaForm$MH+0x000001e534b81c00'
Event: 6236.533 Thread 0x000001e5189690f0 Unloading class 0x000001e534b81800 'java/lang/invoke/LambdaForm$MH+0x000001e534b81800'
Event: 6236.533 Thread 0x000001e5189690f0 Unloading class 0x000001e534b81400 'java/lang/invoke/LambdaForm$MH+0x000001e534b81400'
Event: 6236.533 Thread 0x000001e5189690f0 Unloading class 0x000001e534b80800 'java/lang/invoke/LambdaForm$MH+0x000001e534b80800'
Event: 6236.533 Thread 0x000001e5189690f0 Unloading class 0x000001e534b80400 'java/lang/invoke/LambdaForm$MH+0x000001e534b80400'
Event: 6236.533 Thread 0x000001e5189690f0 Unloading class 0x000001e534b80000 'java/lang/invoke/LambdaForm$MH+0x000001e534b80000'

Classes redefined (0 events):
No events

Internal exceptions (20 events):
Event: 1767.095 Thread 0x000001e5743aa1f0 Implicit null exception at 0x000001e528c45288 to 0x000001e528c45d00
Event: 1767.099 Thread 0x000001e5743aa1f0 Implicit null exception at 0x000001e528c3ce87 to 0x000001e528c3db0c
Event: 1767.109 Thread 0x000001e5743aa1f0 Implicit null exception at 0x000001e528a1d6f9 to 0x000001e528a1de30
Event: 1769.735 Thread 0x000001e5743a4610 Exception <a 'java/io/IOException'{0x00000000d099a978}> (0x00000000d099a978) 
thrown [s\open\src\hotspot\share\prims\jni.cpp, line 520]
Event: 1769.735 Thread 0x000001e5743a4610 Exception <a 'java/io/IOException'{0x00000000d099b5e0}> (0x00000000d099b5e0) 
thrown [s\open\src\hotspot\share\prims\jni.cpp, line 520]
Event: 5396.618 Thread 0x000001e57a116220 Implicit null exception at 0x000001e5286fc2ce to 0x000001e5286fc594
Event: 5397.610 Thread 0x000001e57a116220 Implicit null exception at 0x000001e5286fc2ce to 0x000001e5286fc594
Event: 5398.616 Thread 0x000001e57a116220 Implicit null exception at 0x000001e5286fc2ce to 0x000001e5286fc594
Event: 5399.608 Thread 0x000001e57a116220 Implicit null exception at 0x000001e5286fc2ce to 0x000001e5286fc594
Event: 5777.376 Thread 0x000001e579d69400 Implicit null exception at 0x000001e528a84e01 to 0x000001e528a855dc
Event: 5777.567 Thread 0x000001e579d69400 Implicit null exception at 0x000001e528a0aeda to 0x000001e528a10154
Event: 5777.622 Thread 0x000001e579d69400 Implicit null exception at 0x000001e5288d2cc0 to 0x000001e5288d2fec
Event: 5778.175 Thread 0x000001e579d69400 Implicit null exception at 0x000001e528986c3b to 0x000001e528986f64
Event: 5778.417 Thread 0x000001e579d69400 Implicit null exception at 0x000001e5288718d5 to 0x000001e528872a3d
Event: 5780.311 Thread 0x000001e579d69a90 Implicit null exception at 0x000001e528a6daf8 to 0x000001e528a6f4ec
Event: 5780.311 Thread 0x000001e579d68050 Implicit null exception at 0x000001e528a6daf8 to 0x000001e528a6f4ec
Event: 5780.351 Thread 0x000001e579d67330 Implicit null exception at 0x000001e528a4d975 to 0x000001e528a51304
Event: 5780.351 Thread 0x000001e579d679c0 Implicit null exception at 0x000001e528af723c to 0x000001e528af7c54
Event: 5780.470 Thread 0x000001e579d68050 Implicit null exception at 0x000001e5289ffb9d to 0x000001e528a002e4
Event: 5809.550 Thread 0x000001e579d66ca0 Implicit null exception at 0x000001e528822501 to 0x000001e5288239ec

ZGC Phase Switch (0 events):
No events

VM Operations (20 events):
Event: 6615.885 Executing VM operation: RendezvousGCThreads
Event: 6615.885 Executing VM operation: RendezvousGCThreads done
Event: 6873.824 Executing VM operation: Cleanup
Event: 6873.827 Executing VM operation: Cleanup done
Event: 6916.440 Executing VM operation: HandshakeAllThreads (HandshakeForDeflation)
Event: 6916.440 Executing VM operation: HandshakeAllThreads (HandshakeForDeflation) done
Event: 6916.440 Executing VM operation: RendezvousGCThreads
Event: 6916.440 Executing VM operation: RendezvousGCThreads done
Event: 6939.234 Executing VM operation: G1CollectForAllocation (G1 Evacuation Pause)
Event: 6939.312 Executing VM operation: G1CollectForAllocation (G1 Evacuation Pause) done
Event: 7077.474 Executing VM operation: Cleanup
Event: 7077.476 Executing VM operation: Cleanup done
Event: 7084.539 Executing VM operation: Cleanup
Event: 7084.539 Executing VM operation: Cleanup done
Event: 7098.657 Executing VM operation: Cleanup
Event: 7098.657 Executing VM operation: Cleanup done
Event: 7106.713 Executing VM operation: Cleanup
Event: 7106.713 Executing VM operation: Cleanup done
Event: 7109.742 Executing VM operation: Cleanup
Event: 7109.742 Executing VM operation: Cleanup done

Events (20 events):
Event: 6237.082 Thread 0x000001e5189690f0 flushing nmethod 0x000001e521699510
Event: 6237.083 Thread 0x000001e5189690f0 flushing nmethod 0x000001e521a09610
Event: 6237.083 Thread 0x000001e5189690f0 flushing nmethod 0x000001e521c3fc90
Event: 6237.083 Thread 0x000001e5189690f0 flushing nmethod 0x000001e521cd1b90
Event: 7076.692 Thread 0x000001e5743a59c0 Thread added: 0x000001e5743a59c0
Event: 7076.811 Thread 0x000001e5743a94d0 Thread added: 0x000001e5743a94d0
Event: 7081.833 Thread 0x000001e5743a59c0 Thread exited: 0x000001e5743a59c0
Event: 7082.427 Thread 0x000001e5743a94d0 Thread exited: 0x000001e5743a94d0
Event: 7084.241 Thread 0x000001e5743a9b60 Thread added: 0x000001e5743a9b60
Event: 7084.247 Thread 0x000001e5743a94d0 Thread added: 0x000001e5743a94d0
Event: 7089.255 Thread 0x000001e5743a9b60 Thread exited: 0x000001e5743a9b60
Event: 7089.315 Thread 0x000001e5743a94d0 Thread exited: 0x000001e5743a94d0
Event: 7095.296 Thread 0x000001e5743a9b60 Thread added: 0x000001e5743a9b60
Event: 7095.301 Thread 0x000001e5743a87b0 Thread added: 0x000001e5743a87b0
Event: 7103.099 Thread 0x000001e5743a9b60 Thread exited: 0x000001e5743a9b60
Event: 7103.147 Thread 0x000001e5743a87b0 Thread exited: 0x000001e5743a87b0
Event: 7106.458 Thread 0x000001e5743a87b0 Thread added: 0x000001e5743a87b0
Event: 7106.537 Thread 0x000001e5743a59c0 Thread added: 0x000001e5743a59c0
Event: 7114.775 Thread 0x000001e5743a87b0 Thread exited: 0x000001e5743a87b0
Event: 7114.836 Thread 0x000001e5743a59c0 Thread exited: 0x000001e5743a59c0


Dynamic libraries:
0x00007ff7da7c0000 - 0x00007ff7da7ce000 	C:\Users\admin\.jdks\openjdk-22.0.1\bin\java.exe
0x00007ffb4f7f0000 - 0x00007ffb4f9e8000 	C:\Windows\SYSTEM32\ntdll.dll
0x00007ffb4f480000 - 0x00007ffb4f541000 	C:\Windows\System32\KERNEL32.DLL
0x00007ffb4cf90000 - 0x00007ffb4d286000 	C:\Windows\System32\KERNELBASE.dll
0x00007ffb4d290000 - 0x00007ffb4d390000 	C:\Windows\System32\ucrtbase.dll
0x00007ffb47db0000 - 0x00007ffb47dcb000 	C:\Users\admin\.jdks\openjdk-22.0.1\bin\VCRUNTIME140.dll
0x00007ffb47d40000 - 0x00007ffb47d57000 	C:\Users\admin\.jdks\openjdk-22.0.1\bin\jli.dll
0x00007ffb4dea0000 - 0x00007ffb4e03f000 	C:\Windows\System32\USER32.dll
0x00007ffb4d390000 - 0x00007ffb4d3b2000 	C:\Windows\System32\win32u.dll
0x00007ffb4f3b0000 - 0x00007ffb4f3db000 	C:\Windows\System32\GDI32.dll
0x00007ffb4d450000 - 0x00007ffb4d567000 	C:\Windows\System32\gdi32full.dll
0x00007ffb3c300000 - 0x00007ffb3c59a000 	C:\Windows\WinSxS\amd64_microsoft.windows.common-controls_6595b64144ccf1df_6.0.19041.4355_none_60b8b9eb71f62e16\COMCTL32.dll
0x00007ffb4f3e0000 - 0x00007ffb4f47e000 	C:\Windows\System32\msvcrt.dll
0x00007ffb4d6d0000 - 0x00007ffb4d76d000 	C:\Windows\System32\msvcp_win.dll
0x00007ffb4dde0000 - 0x00007ffb4de0f000 	C:\Windows\System32\IMM32.DLL
0x00007ffb49250000 - 0x00007ffb4925c000 	C:\Users\admin\.jdks\openjdk-22.0.1\bin\vcruntime140_1.dll
0x00007ffb45cc0000 - 0x00007ffb45d4e000 	C:\Users\admin\.jdks\openjdk-22.0.1\bin\msvcp140.dll
0x00007ffb1e6f0000 - 0x00007ffb1f437000 	C:\Users\admin\.jdks\openjdk-22.0.1\bin\server\jvm.dll
0x00007ffb4dc80000 - 0x00007ffb4dd30000 	C:\Windows\System32\ADVAPI32.dll
0x00007ffb4e0c0000 - 0x00007ffb4e160000 	C:\Windows\System32\sechost.dll
0x00007ffb4d820000 - 0x00007ffb4d943000 	C:\Windows\System32\RPCRT4.dll
0x00007ffb4cef0000 - 0x00007ffb4cf17000 	C:\Windows\System32\bcrypt.dll
0x00007ffb4e8e0000 - 0x00007ffb4e94b000 	C:\Windows\System32\WS2_32.dll
0x00007ffb444b0000 - 0x00007ffb444ba000 	C:\Windows\SYSTEM32\VERSION.dll
0x00007ffb42540000 - 0x00007ffb42567000 	C:\Windows\SYSTEM32\WINMM.dll
0x00007ffb4ccf0000 - 0x00007ffb4cd3b000 	C:\Windows\SYSTEM32\POWRPROF.dll
0x00007ffb4ccd0000 - 0x00007ffb4cce2000 	C:\Windows\SYSTEM32\UMPDC.dll
0x00007ffb4ad20000 - 0x00007ffb4ad32000 	C:\Windows\SYSTEM32\kernel.appcore.dll
0x00007ffb491d0000 - 0x00007ffb491da000 	C:\Users\admin\.jdks\openjdk-22.0.1\bin\jimage.dll
0x00007ffb43b70000 - 0x00007ffb43d54000 	C:\Windows\SYSTEM32\DBGHELP.DLL
0x00007ffb38d30000 - 0x00007ffb38d64000 	C:\Windows\SYSTEM32\dbgcore.DLL
0x00007ffb4d3c0000 - 0x00007ffb4d442000 	C:\Windows\System32\bcryptPrimitives.dll
0x00007ffb486b0000 - 0x00007ffb486bf000 	C:\Users\admin\.jdks\openjdk-22.0.1\bin\instrument.dll
0x00007ffb47560000 - 0x00007ffb4757e000 	C:\Users\admin\.jdks\openjdk-22.0.1\bin\java.dll
0x00007ffb4e160000 - 0x00007ffb4e8cc000 	C:\Windows\System32\SHELL32.dll
0x00007ffb4ee10000 - 0x00007ffb4ef3b000 	C:\Windows\System32\ole32.dll
0x00007ffb4eab0000 - 0x00007ffb4ee03000 	C:\Windows\System32\combase.dll
0x00007ffb4af20000 - 0x00007ffb4b6be000 	C:\Windows\SYSTEM32\windows.storage.dll
0x00007ffb4c7f0000 - 0x00007ffb4c81e000 	C:\Windows\SYSTEM32\Wldp.dll
0x00007ffb4dbb0000 - 0x00007ffb4dc7d000 	C:\Windows\System32\OLEAUT32.dll
0x00007ffb4dd30000 - 0x00007ffb4dddd000 	C:\Windows\System32\SHCORE.dll
0x00007ffb4f750000 - 0x00007ffb4f7a5000 	C:\Windows\System32\shlwapi.dll
0x00007ffb4cdd0000 - 0x00007ffb4cdf4000 	C:\Windows\SYSTEM32\profapi.dll
0x00007ffb23dd0000 - 0x00007ffb23ea7000 	C:\Users\admin\.jdks\openjdk-22.0.1\bin\jsvml.dll
0x00007ffb47520000 - 0x00007ffb47537000 	C:\Users\admin\.jdks\openjdk-22.0.1\bin\zip.dll
0x00007ffb488a0000 - 0x00007ffb488b0000 	C:\Users\admin\.jdks\openjdk-22.0.1\bin\net.dll
0x00007ffb4c550000 - 0x00007ffb4c5ba000 	C:\Windows\system32\mswsock.dll
0x00007ffb47540000 - 0x00007ffb47556000 	C:\Users\admin\.jdks\openjdk-22.0.1\bin\nio.dll
0x00007ffb45d80000 - 0x00007ffb45d9a000 	C:\Program Files\JetBrains\IntelliJ IDEA Community Edition 2024.1.2\bin\breakgen64.dll
0x00007ffb47320000 - 0x00007ffb47329000 	C:\Users\admin\.jdks\openjdk-22.0.1\bin\extnet.dll
0x00007ffb45c50000 - 0x00007ffb45c60000 	C:\Users\admin\.jdks\openjdk-22.0.1\bin\verify.dll
0x00007ffb47350000 - 0x00007ffb4735a000 	C:\Users\admin\.jdks\openjdk-22.0.1\bin\management.dll
0x00007ffb47330000 - 0x00007ffb4733b000 	C:\Users\admin\.jdks\openjdk-22.0.1\bin\management_ext.dll
0x00007ffb4eaa0000 - 0x00007ffb4eaa8000 	C:\Windows\System32\PSAPI.DLL
0x00007ffb45c10000 - 0x00007ffb45c1b000 	C:\Users\admin\.jdks\openjdk-22.0.1\bin\le.dll
0x00007ffb45c40000 - 0x00007ffb45c4e000 	C:\Users\admin\.jdks\openjdk-22.0.1\bin\sunmscapi.dll
0x00007ffb4d570000 - 0x00007ffb4d6ce000 	C:\Windows\System32\CRYPT32.dll
0x00007ffb4c860000 - 0x00007ffb4c889000 	C:\Windows\SYSTEM32\ncrypt.dll
0x00007ffb4c820000 - 0x00007ffb4c85b000 	C:\Windows\SYSTEM32\NTASN1.dll
0x00007ffb4c750000 - 0x00007ffb4c768000 	C:\Windows\SYSTEM32\CRYPTSP.dll
0x00007ffb4be70000 - 0x00007ffb4bea4000 	C:\Windows\system32\rsaenh.dll
0x00007ffb4cd80000 - 0x00007ffb4cdae000 	C:\Windows\SYSTEM32\USERENV.dll
0x00007ffb4c740000 - 0x00007ffb4c74c000 	C:\Windows\SYSTEM32\CRYPTBASE.dll
0x00007ffb4c230000 - 0x00007ffb4c26b000 	C:\Windows\SYSTEM32\IPHLPAPI.DLL
0x00007ffb4e8d0000 - 0x00007ffb4e8d8000 	C:\Windows\System32\NSI.dll
0x00007ffb4c270000 - 0x00007ffb4c33a000 	C:\Windows\SYSTEM32\DNSAPI.dll
0x00007ffb3b750000 - 0x00007ffb3b75a000 	C:\Windows\System32\rasadhlp.dll
0x00007ffb3c280000 - 0x00007ffb3c300000 	C:\Windows\System32\fwpuclnt.dll
0x00007ffb32c10000 - 0x00007ffb32c17000 	C:\Windows\system32\wshunix.dll

dbghelp: loaded successfully - version: 4.0.5 - missing functions: none
symbol engine: initialized successfully - sym options: 0x614 - pdb path: .;C:\Users\admin\.jdks\openjdk-22.0.1\bin;C:\Windows\SYSTEM32;C:\Windows\WinSxS\amd64_microsoft.windows.common-controls_6595b64144ccf1df_6.0.19041.4355_none_60b8b9eb71f62e16;C:\Users\admin\.jdks\openjdk-22.0.1\bin\server;C:\Program Files\JetBrains\IntelliJ IDEA Community Edition 2024.1.2\bin

VM Arguments:
jvm_args: -javaagent:C:\Program Files\JetBrains\IntelliJ IDEA Community Edition 2024.1.2\lib\idea_rt.jar=60872:C:\Program Files\JetBrains\IntelliJ IDEA Community Edition 2024.1.2\bin -Dfile.encoding=UTF-8 -Dsun.stdout.encoding=UTF-8 -Dsun.stderr.encoding=UTF-8 
java_command: com.ai.e_learning.ELearningApplication
java_class_path (initial): E:\GitHub\E-Learning-System-1\e_learning_backend\target\classes;C:\Users\admin\.m2\repository\org\springframework\boot\spring-boot-starter-data-jpa\3.3.0\spring-boot-starter-data-jpa-3.3.0.jar;C:\Users\admin\.m2\repository\org\springframework\boot\spring-boot-starter-aop\3.3.0\spring-boot-starter-aop-3.3.0.jar;C:\Users\admin\.m2\repository\org\aspectj\aspectjweaver\1.9.22\aspectjweaver-1.9.22.jar;C:\Users\admin\.m2\repository\org\springframework\boot\spring-boot-starter-jdbc\3.3.0\spring-boot-starter-jdbc-3.3.0.jar;C:\Users\admin\.m2\repository\com\zaxxer\HikariCP\5.1.0\HikariCP-5.1.0.jar;C:\Users\admin\.m2\repository\org\springframework\spring-jdbc\6.1.8\spring-jdbc-6.1.8.jar;C:\Users\admin\.m2\repository\org\hibernate\orm\hibernate-core\6.5.2.Final\hibernate-core-6.5.2.Final.jar;C:\Users\admin\.m2\repository\jakarta\persistence\jakarta.persistence-api\3.1.0\jakarta.persistence-api-3.1.0.jar;C:\Users\admin\.m2\repository\jakarta\transaction\jakarta.transaction-api\2.0.1\jakarta.transaction-api-2.0.1.jar;C:\Users\admin\.m2\repository\org\jboss\logging\jboss-logging\3.5.3.Final\jboss-logging-3.5.3.Final.jar;C:\Users\admin\.m2\repository\org\hibernate\common\hibernate-commons-annotations\6.0.6.Final\hibernate-commons-annotations-6.0.6.Final.jar;C:\Users\admin\.m2\repository\io\smallrye\jandex\3.1.2\jandex-3.1.2.jar;C:\Users\admin\.m2\repository\com\fasterxml\classmate\1.7.0\classmate-1.7.0.jar;C:\Users\admin\.m2\repository\net\bytebuddy\byte-buddy\1.14.16\byte-buddy-1.14.16.jar;C:\Users\admin\.m2\repository\org\glassfish\jaxb\jaxb-runtime\4.0.5\jaxb-runtime-4.0.5.jar;C:\Users\admin\.m2\repository\org\glassfish\jaxb\jaxb-core\4.0.5\jaxb-core-4.0.5.jar;C:\Users\admin\.m2\repository\org\glassfish\jaxb\txw2\4.0.5\txw2-4.0.5.jar;C:\Users\admin\.m2\repository\com\sun\istack\istack-commons-runtime\4.1.2\istack-commons-runtime-4.1.2.jar;C:\Users\admin\.m2\repository\jakarta\inject\jakarta.inject-api\2.0.1\jakarta.inject-api-2.0.1.jar;C:\Users\admin\.m2\repository\org\antlr\antlr4-runtime\4.13.0\antlr4-runtime-4.13.0.jar;C:\Users\admin\.m2\repository\org\springframework\data\spring-data-jpa\3.3.0\spring-data-jpa-3.3.0.jar;C:\Users\admin\.m2\repository\org\springframework\data\spring-data-commons\3.3.0\spring-data-commons-3.3.0.jar;C:\Users\admin\.m2\repository\org\springframework\spring-orm\6.1.8\spring-orm-6.1.8.jar;C:\Users\admin\.m2\repository\org\springframework\spring-context\6.1.8\spring-context-6.1.8.jar;C:\Users\admin\.m2\repository\org\springframework\spring-tx\6.1.8\spring-tx-6.1.8.jar;C:\Users\admin\.m2\repository\org\springframework\spring-beans\6.1.8\spring-beans-6.1.8.jar;C:\Users\admin\.m2\repository\org\slf4j\slf4j-api\2.0.13\slf4j-api-2.0.13.jar;C:\Users\admin\.m2\repository\org\springframework\spring-aspects\6.1.8\spring-aspects-6.1.8.jar;C:\Users\admin\.m2\repository\org\springframework\boot\spring-boot-starter-mail\3.3.0\spring-boot-starter-mail-3.3.0.jar;C:\Users\admin\.m2\repository\org\springframework\spring-context-support\6.1.8\spring-context-support-6.1.8.jar;C:\Users\admin\.m2\repository\org\eclipse\angus\jakarta.mail\2.0.3\jakarta.mail-2.0.3.jar;C:\Users\admin\.m2\repository\jakarta\activation\jakarta.activation-api\2.1.3\jakarta.activation-api-2.1.3.jar;C:\Users\admin\.m2\repository\org\eclipse\angus\angus-activation\2.0.2\angus-activation-2.0.2.jar;C:\Users\admin\.m2\repository\org\webjars\sockjs-client\1.5.1\sockjs-client-1.5.1.jar;C:\Users\admin\.m2\repository\org\webjars\stomp-websocket\2.3.3\stomp-websocket-2.3.3.jar;C:\Users\admin\.m2\repository\org\springframework\boot\spring-boot-starter-websocket\3.3.0\spring-boot-starter-websocket-3.3.0.jar;C:\Users\admin\.m2\repository\org\springframework\spring-messaging\6.1.8\spring-messaging-6.1.8.jar;C:\Users\admin\.m2\repository\org\springframework\spring-websocket\6.1.8\spring-websocket-6.1.8.jar;C:\Users\admin\.m2\repository\org\springframework\boot\spring-boot-starter-security\3.3.0\spring-boot-starter-security-3.3.0.jar;C:\Users\admin\.m2\repository\org\springframework\spring-aop\6.1.8\spring-aop-6.1.8.jar;C:\Users\admin\.m2\repository\org\springframework\security\spring-security-config\6.3.0\spring-security-config-6.3.0.jar;C:\Users\admin\.m2\repository\org\springframework\security\spring-security-web\6.3.0\spring-security-web-6.3.0.jar;C:\Users\admin\.m2\repository\org\springframework\spring-expression\6.1.8\spring-expression-6.1.8.jar;C:\Users\admin\.m2\repository\io\netty\netty-all\4.1.68.Final\netty-all-4.1.68.Final.jar;C:\Users\admin\.m2\repository\org\springframework\boot\spring-boot-starter-web\3.3.0\spring-boot-starter-web-3.3.0.jar;C:\Users\admin\.m2\repository\org\springframework\boot\spring-boot-starter-json\3.3.0\spring-boot-starter-json-3.3.0.jar;C:\Users\admin\.m2\repository\com\fasterxml\jackson\core\jackson-databind\2.17.1\jackson-databind-2.17.1.jar;C:\Users\admin\.m2\repository\com\fasterxml\jackson\core\jackson-annotations\2.17.1\jackson-annotations-2.17.1.jar;C:\Users\admin\.m2\repository\com\fasterxml\jackson\core\jackson-core\2.17.1\jackson-core-2.17.1.jar;C:\Users\admin\.m2\repository\com\fasterxml\jackson\datatype\jackson-datatype-jdk8\2.17.1\jackson-datatype-jdk8-2.17.1.jar;C:\Users\admin\.m2\repository\com\fasterxml\jackson\datatype\jackson-datatype-jsr310\2.17.1\jackson-datatype-jsr310-2.17.1.jar;C:\Users\admin\.m2\repository\com\fasterxml\jackson\module\jackson-module-parameter-names\2.17.1\jackson-module-parameter-names-2.17.1.jar;C:\Users\admin\.m2\repository\org\springframework\boot\spring-boot-starter-tomcat\3.3.0\spring-boot-starter-tomcat-3.3.0.jar;C:\Users\admin\.m2\repository\org\apache\tomcat\embed\tomcat-embed-core\10.1.24\tomcat-embed-core-10.1.24.jar;C:\Users\admin\.m2\repository\org\apache\tomcat\embed\tomcat-embed-el\10.1.24\tomcat-embed-el-10.1.24.jar;C:\Users\admin\.m2\repository\org\apache\tomcat\embed\tomcat-embed-websocket\10.1.24\tomcat-embed-websocket-10.1.24.jar;C:\Users\admin\.m2\repository\org\springframework\spring-web\6.1.8\spring-web-6.1.8.jar;C:\Users\admin\.m2\repository\io\micrometer\micrometer-observation\1.13.0\micrometer-observation-1.13.0.jar;C:\Users\admin\.m2\repository\io\micrometer\micrometer-commons\1.13.0\micrometer-commons-1.13.0.jar;C:\Users\admin\.m2\repository\org\springframework\spring-webmvc\6.1.8\spring-webmvc-6.1.8.jar;C:\Users\admin\.m2\repository\org\springframework\boot\spring-boot-devtools\3.3.0\spring-boot-devtools-3.3.0.jar;C:\Users\admin\.m2\repository\org\springframework\boot\spring-boot\3.3.0\spring-boot-3.3.0.jar;C:\Users\admin\.m2\repository\org\springframework\boot\spring-boot-autoconfigure\3.3.0\spring-boot-autoconfigure-3.3.0.jar;C:\Users\admin\.m2\repository\com\mysql\mysql-connector-j\8.3.0\mysql-connector-j-8.3.0.jar;C:\Users\admin\.m2\repository\com\google\apis\google-api-services-drive\v3-rev20240521-2.0.0\google-api-services-drive-v3-rev20240521-2.0.0.jar;C:\Users\admin\.m2\repository\com\google\api-client\google-api-client\2.6.0\google-api-client-2.6.0.jar;C:\Users\admin\.m2\repository\commons-codec\commons-codec\1.16.1\commons-codec-1.16.1.jar;C:\Users\admin\.m2\repository\com\google\oauth-client\google-oauth-client\1.36.0\google-oauth-client-1.36.0.jar;C:\Users\admin\.m2\repository\com\google\auth\google-auth-library-credentials\1.23.0\google-auth-library-credentials-1.23.0.jar;C:\Users\admin\.m2\repository\com\google\auth\google-auth-library-oauth2-http\1.23.0\google-auth-library-oauth2-http-1.23.0.jar;C:\Users\admin\.m2\repository\com\google\auto\value\auto-value-annotations\1.10.4\auto-value-annotations-1.10.4.jar;C:\Users\admin\.m2\repository\com\google\code\findbugs\jsr305\3.0.2\jsr305-3.0.2.jar;C:\Users\admin\.m2\repository\com\google\errorprone\error_prone_annotations\2.18.0\error_prone_annotations-2.18.0.jar;C:\Users\admin\.m2\repository\com\google\http-client\google-http-client-gson\1.44.2\google-http-client-gson-1.44.2.jar;C:\Users\admin\.m2\repository\com\google\code\gson\gson\2.10.1\gson-2.10.1.jar;C:\Users\admin\.m2\repository\com\google\guava\guava\33.1.0-jre\guava-33.1.0-jre.jar;C:\Users\admin\.m2\repository\com\google\guava\failureaccess\1.0.2\failureaccess-1.0.2.jar;C:\Users\admin\.m2\repository\com\google\guava\listenablefuture\9999.0-empty-to-avoid-conflict-with-guava\listenablefuture-9999.0-empty-to-avoid-conflict-with-guava.jar;C:\Users\admin\.m2\repository\org\checkerframework\checker-qual\3.42.0\checker-qual-3.42.0.jar;C:\Users\admin\.m2\repository\com\google\j2objc\j2objc-annotations\3.0.0\j2objc-annotations-3.0.0.jar;C:\Users\admin\.m2\repository\com\google\http-client\google-http-client-apache-v2\1.44.2\google-http-client-apache-v2-1.44.2.jar;C:\Users\admin\.m2\repository\org\apache\httpcomponents\httpcore\4.4.16\httpcore-4.4.16.jar;C:\Users\admin\.m2\repository\org\apache\httpcomponents\httpclient\4.5.14\httpclient-4.5.14.jar;C:\Users\admin\.m2\repository\commons-logging\commons-logging\1.2\commons-logging-1.2.jar;C:\Users\admin\.m2\repository\com\google\http-client\google-http-client\1.44.2\google-http-client-1.44.2.jar;C:\Users\admin\.m2\repository\io\grpc\grpc-context\1.60.1\grpc-context-1.60.1.jar;C:\Users\admin\.m2\repository\io\grpc\grpc-api\1.60.1\grpc-api-1.60.1.jar;C:\Users\admin\.m2\repository\io\opencensus\opencensus-api\0.31.1\opencensus-api-0.31.1.jar;C:\Users\admin\.m2\repository\io\opencensus\opencensus-contrib-http-util\0.31.1\opencensus-contrib-http-util-0.31.1.jar;C:\Users\admin\.m2\repository\org\projectlombok\lombok\1.18.32\lombok-1.18.32.jar;C:\Users\admin\.m2\repository\jakarta\xml\bind\jakarta.xml.bind-api\4.0.2\jakarta.xml.bind-api-4.0.2.jar;C:\Users\admin\.m2\repository\org\springframework\spring-core\6.1.8\spring-core-6.1.8.jar;C:\Users\admin\.m2\repository\org\springframework\spring-jcl\6.1.8\spring-jcl-6.1.8.jar;C:\Users\admin\.m2\repository\org\springframework\security\spring-security-core\6.3.0\spring-security-core-6.3.0.jar;C:\Users\admin\.m2\repository\org\springframework\security\spring-security-crypto\6.3.0\spring-security-crypto-6.3.0.jar;C:\Users\admin\.m2\repository\org\springframework\boot\spring-boot-starter\3.3.0\spring-boot-starter-3.3.0.jar;C:\Users\admin\.m2\repository\org\springframework\boot\spring-boot-starter-logging\3.3.0\spring-boot-starter-logging-3.3.0.jar;C:\Users\admin\.m2\repository\ch\qos\logback\logback-classic\1.5.6\logback-classic-1.5.6.jar;C:\Users\admin\.m2\repository\ch\qos\logback\logback-core\1.5.6\logback-core-1.5.6.jar;C:\Users\admin\.m2\repository\org\apache\logging\log4j\log4j-to-slf4j\2.23.1\log4j-to-slf4j-2.23.1.jar;C:\Users\admin\.m2\repository\org\slf4j\jul-to-slf4j\2.0.13\jul-to-slf4j-2.0.13.jar;C:\Users\admin\.m2\repository\jakarta\annotation\jakarta.annotation-api\2.1.1\jakarta.annotation-api-2.1.1.jar;C:\Users\admin\.m2\repository\org\yaml\snakeyaml\2.2\snakeyaml-2.2.jar;C:\Users\admin\.m2\repository\commons-fileupload\commons-fileupload\1.3.3\commons-fileupload-1.3.3.jar;C:\Users\admin\.m2\repository\org\apache\poi\poi-ooxml\5.2.4\poi-ooxml-5.2.4.jar;C:\Users\admin\.m2\repository\org\apache\poi\poi\5.2.4\poi-5.2.4.jar;C:\Users\admin\.m2\repository\org\apache\commons\commons-math3\3.6.1\commons-math3-3.6.1.jar;C:\Users\admin\.m2\repository\com\zaxxer\SparseBitSet\1.3\SparseBitSet-1.3.jar;C:\Users\admin\.m2\repository\org\apache\poi\poi-ooxml-lite\5.2.4\poi-ooxml-lite-5.2.4.jar;C:\Users\admin\.m2\repository\org\apache\xmlbeans\xmlbeans\5.1.1\xmlbeans-5.1.1.jar;C:\Users\admin\.m2\repository\org\apache\commons\commons-compress\1.24.0\commons-compress-1.24.0.jar;C:\Users\admin\.m2\repository\com\github\virtuald\curvesapi\1.08\curvesapi-1.08.jar;C:\Users\admin\.m2\repository\org\apache\logging\log4j\log4j-api\2.23.1\log4j-api-2.23.1.jar;C:\Users\admin\.m2\repository\org\apache\commons\commons-collections4\4.4\commons-collections4-4.4.jar;C:\Users\admin\.m2\repository\com\cloudinary\cloudinary-http44\1.35.0\cloudinary-http44-1.35.0.jar;C:\Users\admin\.m2\repository\com\cloudinary\cloudinary-core\1.35.0\cloudinary-core-1.35.0.jar;C:\Users\admin\.m2\repository\org\apache\commons\commons-lang3\3.14.0\commons-lang3-3.14.0.jar;C:\Users\admin\.m2\repository\org\apache\httpcomponents\httpmime\4.4\httpmime-4.4.jar;C:\Users\admin\.m2\repository\commons-io\commons-io\2.15.1\commons-io-2.15.1.jar;C:\Users\admin\.m2\repository\org\modelmapper\modelmapper\3.2.0\modelmapper-3.2.0.jar;C:\Users\admin\.m2\repository\com\github\librepdf\openpdf\1.3.8\openpdf-1.3.8.jar;C:\Users\admin\.m2\repository\com\github\albfernandez\juniversalchardet\2.3.0\juniversalchardet-2.3.0.jar
Launcher Type: SUN_STANDARD

[Global flags]
     intx CICompilerCount                          = 3                                         {product} {ergonomic}
     uint ConcGCThreads                            = 1                                         {product} {ergonomic}
     uint G1ConcRefinementThreads                  = 4                                         {product} {ergonomic}
   size_t G1HeapRegionSize                         = 1048576                                   {product} {ergonomic}
   size_t InitialHeapSize                          = 54525952                                  {product} {ergonomic}
   size_t MarkStackSize                            = 4194304                                   {product} {ergonomic}
   size_t MaxHeapSize                              = 861929472                                 {product} {ergonomic}
   size_t MaxNewSize                               = 516947968                                 {product} {ergonomic}
   size_t MinHeapDeltaBytes                        = 1048576                                   {product} {ergonomic}
   size_t MinHeapSize                              = 8388608                                   {product} {ergonomic}
    uintx NonNMethodCodeHeapSize                   = 5832780                                {pd product} {ergonomic}
    uintx NonProfiledCodeHeapSize                  = 122912730                              {pd product} {ergonomic}
    uintx ProfiledCodeHeapSize                     = 122912730                              {pd product} {ergonomic}
    uintx ReservedCodeCacheSize                    = 251658240                              {pd product} {ergonomic}
     bool SegmentedCodeCache                       = true                                      {product} {ergonomic}
   size_t SoftMaxHeapSize                          = 861929472                              {manageable} {ergonomic}
     bool UseCompressedOops                        = true                           {product lp64_product} {ergonomic}
     bool UseG1GC                                  = true                                      {product} {ergonomic}
     bool UseLargePagesIndividualAllocation        = false                                  {pd product} {ergonomic}

Logging:
Log output configuration:
 #0: stdout all=warning uptime,level,tags foldmultilines=false
 #1: stderr all=off uptime,level,tags foldmultilines=false

Environment Variables:
PATH=C:\Windows\system32;C:\Windows;C:\Windows\System32\Wbem;C:\Windows\System32\WindowsPowerShell\v1.0\;C:\Windows\System32\OpenSSH\;C:\Program Files\Git\cmd;C:\Program Files\nodejs\;C:\Users\admin\AppData\Local\Microsoft\WindowsApps;C:\Users\admin\AppData\Local\Programs\Microsoft VS Code\bin;C:\Program Files\JetBrains\IntelliJ IDEA Community Edition 2024.1.1\bin;;C:\Program Files\Java\jdk-17.0.11;C:\Users\admin\AppData\Local\Microsoft\WinGet\Packages\Schniz.fnm_Microsoft.Winget.Source_8wekyb3d8bbwe;C:\Users\admin\AppData\Roaming\npm
USERNAME=NNT
OS=Windows_NT
PROCESSOR_IDENTIFIER=AMD64 Family 23 Model 24 Stepping 1, AuthenticAMD
TMP=C:\Users\admin\AppData\Local\Temp
TEMP=C:\Users\admin\AppData\Local\Temp




Periodic native trim disabled

---------------  S Y S T E M  ---------------

OS:
 Windows 10 , 64 bit Build 19041 (10.0.19041.4597)
OS uptime: 3 days 20:28 hours

CPU: total 4 (initial active 4) (4 cores per cpu, 2 threads per core) family 23 model 24 stepping 1 microcode 0x0, cx8, cmov, fxsr, ht, mmx, 3dnowpref, sse, sse2, sse3, ssse3, sse4a, sse4.1, sse4.2, popcnt, lzcnt, tsc, tscinvbit, avx, avx2, aes, clmul, bmi1, bmi2, adx, sha, fma, vzeroupper, clflush, clflushopt, rdtscp, f16c
Processor Information for all 4 processors :
  Max Mhz: 2400, Current Mhz: 2400, Mhz Limit: 2400

Memory: 4k page, system-wide physical 3285M (86M free)
TotalPageFile size 13525M (AvailPageFile size 16M)
current process WorkingSet (physical memory assigned to process): 61M, peak: 287M
current process commit charge ("private bytes"): 354M, peak: 386M

vm_info: OpenJDK 64-Bit Server VM (22.0.1+8-16) for windows-amd64 JRE (22.0.1+8-16), built on 2024-03-12T10:33:16Z by "mach5one" with MS VC++ 17.6 (VS2022)

END.
